<?xml version="1.0" encoding="UTF-8"?>
<!-- Generated by org.testng.reporters.JUnitXMLReporter -->
<testsuite ignored="0" hostname="Admin-PC" failures="0" tests="4" name="Surefire test" time="192.351" errors="0" timestamp="2022-03-27T00:54:54 IST">
  <testcase classname="com.practice.scripts.Demo1_Test" name="testCase1" time="97.072"/>
  <testcase classname="com.practice.scripts.Demo1_Test" name="testCase2" time="28.883"/>
  <testcase classname="com.practice.scripts.Demo2_Test" name="testCase1" time="62.673"/>
  <testcase classname="com.practice.scripts.Demo2_Test" name="testCase2" time="3.497"/>
</testsuite> <!-- Surefire test -->
