<?xml version="1.0" encoding="UTF-8"?>
<!-- Generated by org.testng.reporters.JUnitXMLReporter -->
<testsuite ignored="0" hostname="Admin-PC" failures="0" tests="4" name="Test" time="85.966" errors="0" timestamp="2022-03-26T17:31:36 IST">
  <testcase classname="com.practice.scripts.Demo1_Test" name="testCase1" time="60.228"/>
  <testcase classname="com.practice.scripts.Demo1_Test" name="testCase2" time="8.192"/>
  <testcase classname="com.practice.scripts.Demo2_Test" name="testCase1" time="14.018"/>
  <testcase classname="com.practice.scripts.Demo2_Test" name="testCase2" time="3.314"/>
</testsuite> <!-- Test -->
