<?xml version="1.0" encoding="UTF-8"?>
<testng-results ignored="0" total="4" passed="4" failed="0" skipped="0">
  <reporter-output>
  </reporter-output>
  <suite started-at="2022-03-27T00:51:41 IST" name="Surefire suite" finished-at="2022-03-27T00:54:54 IST" duration-ms="192351">
    <groups>
    </groups>
    <test started-at="2022-03-27T00:51:41 IST" name="Surefire test" finished-at="2022-03-27T00:54:54 IST" duration-ms="192351">
      <class name="com.practice.scripts.Demo1_Test">
        <test-method signature="testCase1()[pri:0, instance:com.practice.scripts.Demo1_Test@63070bab]" started-at="2022-03-27T00:51:41 IST" name="testCase1" finished-at="2022-03-27T00:53:18 IST" duration-ms="97072" status="PASS">
          <reporter-output>
          </reporter-output>
        </test-method> <!-- testCase1 -->
        <test-method signature="testCase2()[pri:0, instance:com.practice.scripts.Demo1_Test@63070bab]" started-at="2022-03-27T00:53:18 IST" name="testCase2" finished-at="2022-03-27T00:53:47 IST" duration-ms="28883" status="PASS">
          <reporter-output>
          </reporter-output>
        </test-method> <!-- testCase2 -->
      </class> <!-- com.practice.scripts.Demo1_Test -->
      <class name="com.practice.scripts.Demo2_Test">
        <test-method signature="testCase1()[pri:0, instance:com.practice.scripts.Demo2_Test@2638011]" started-at="2022-03-27T00:53:47 IST" name="testCase1" finished-at="2022-03-27T00:54:50 IST" duration-ms="62673" status="PASS">
          <reporter-output>
          </reporter-output>
        </test-method> <!-- testCase1 -->
        <test-method signature="testCase2()[pri:0, instance:com.practice.scripts.Demo2_Test@2638011]" started-at="2022-03-27T00:54:50 IST" name="testCase2" finished-at="2022-03-27T00:54:54 IST" duration-ms="3497" status="PASS">
          <reporter-output>
          </reporter-output>
        </test-method> <!-- testCase2 -->
      </class> <!-- com.practice.scripts.Demo2_Test -->
    </test> <!-- Surefire test -->
  </suite> <!-- Surefire suite -->
</testng-results>
