<?xml version="1.0" encoding="UTF-8"?>
<testng-results ignored="0" total="4" passed="4" failed="0" skipped="0">
  <reporter-output>
  </reporter-output>
  <suite started-at="2022-03-26T17:30:09 IST" name="MavenDemoProject" finished-at="2022-03-26T17:31:35 IST" duration-ms="85966">
    <groups>
    </groups>
    <test started-at="2022-03-26T17:30:09 IST" name="Test" finished-at="2022-03-26T17:31:35 IST" duration-ms="85966">
      <class name="com.practice.scripts.Demo1_Test">
        <test-method signature="testCase1()[pri:0, instance:com.practice.scripts.Demo1_Test@a514af7]" started-at="2022-03-26T17:30:10 IST" name="testCase1" finished-at="2022-03-26T17:31:10 IST" duration-ms="60228" status="PASS">
          <reporter-output>
          </reporter-output>
        </test-method> <!-- testCase1 -->
        <test-method signature="testCase2()[pri:0, instance:com.practice.scripts.Demo1_Test@a514af7]" started-at="2022-03-26T17:31:10 IST" name="testCase2" finished-at="2022-03-26T17:31:18 IST" duration-ms="8192" status="PASS">
          <reporter-output>
          </reporter-output>
        </test-method> <!-- testCase2 -->
      </class> <!-- com.practice.scripts.Demo1_Test -->
      <class name="com.practice.scripts.Demo2_Test">
        <test-method signature="testCase1()[pri:0, instance:com.practice.scripts.Demo2_Test@67d48005]" started-at="2022-03-26T17:31:18 IST" name="testCase1" finished-at="2022-03-26T17:31:32 IST" duration-ms="14018" status="PASS">
          <reporter-output>
          </reporter-output>
        </test-method> <!-- testCase1 -->
        <test-method signature="testCase2()[pri:0, instance:com.practice.scripts.Demo2_Test@67d48005]" started-at="2022-03-26T17:31:32 IST" name="testCase2" finished-at="2022-03-26T17:31:35 IST" duration-ms="3314" status="PASS">
          <reporter-output>
          </reporter-output>
        </test-method> <!-- testCase2 -->
      </class> <!-- com.practice.scripts.Demo2_Test -->
    </test> <!-- Test -->
  </suite> <!-- MavenDemoProject -->
</testng-results>
